<?xml version="1.0" encoding="UTF-8"?>
<testsuite xmlns:xsi="http://www.w3.org/2001/XMLSchema-instance" xsi:noNamespaceSchemaLocation="https://maven.apache.org/surefire/maven-surefire-plugin/xsd/surefire-test-report.xsd" name="cn.beans.AppTest" time="0.107" tests="1" errors="0" skipped="0" failures="0">
  <properties>
    <property name="sun.desktop" value="windows"/>
    <property name="awt.toolkit" value="sun.awt.windows.WToolkit"/>
    <property name="file.encoding.pkg" value="sun.io"/>
    <property name="java.specification.version" value="1.8"/>
    <property name="sun.cpu.isalist" value="amd64"/>
    <property name="sun.jnu.encoding" value="GBK"/>
    <property name="java.class.path" value="E:\eshop-ssm-workspace\eshop\it_common\target\test-classes;E:\eshop-ssm-workspace\eshop\it_common\target\classes;D:\maven\repo\joda-time\joda-time\2.5\joda-time-2.5.jar;D:\maven\repo\org\apache\commons\commons-lang3\3.3.2\commons-lang3-3.3.2.jar;D:\maven\repo\commons-io\commons-io\1.3.2\commons-io-1.3.2.jar;D:\maven\repo\commons-net\commons-net\3.3\commons-net-3.3.jar;D:\maven\repo\com\fasterxml\jackson\core\jackson-databind\2.4.2\jackson-databind-2.4.2.jar;D:\maven\repo\com\fasterxml\jackson\core\jackson-annotations\2.4.0\jackson-annotations-2.4.0.jar;D:\maven\repo\com\fasterxml\jackson\core\jackson-core\2.4.2\jackson-core-2.4.2.jar;D:\maven\repo\org\apache\httpcomponents\httpclient\4.3.5\httpclient-4.3.5.jar;D:\maven\repo\org\apache\httpcomponents\httpcore\4.3.2\httpcore-4.3.2.jar;D:\maven\repo\commons-logging\commons-logging\1.1.3\commons-logging-1.1.3.jar;D:\maven\repo\commons-codec\commons-codec\1.6\commons-codec-1.6.jar;D:\maven\repo\org\quartz-scheduler\quartz\2.2.2\quartz-2.2.2.jar;D:\maven\repo\c3p0\c3p0\0.9.1.1\c3p0-0.9.1.1.jar;D:\maven\repo\org\slf4j\slf4j-api\1.7.7\slf4j-api-1.7.7.jar;D:\maven\repo\junit\junit\4.12\junit-4.12.jar;D:\maven\repo\org\hamcrest\hamcrest-core\1.3\hamcrest-core-1.3.jar;D:\maven\repo\org\slf4j\slf4j-log4j12\1.6.4\slf4j-log4j12-1.6.4.jar;D:\maven\repo\log4j\log4j\1.2.16\log4j-1.2.16.jar;"/>
    <property name="java.vm.vendor" value="Oracle Corporation"/>
    <property name="sun.arch.data.model" value="64"/>
    <property name="user.variant" value=""/>
    <property name="java.vendor.url" value="http://java.oracle.com/"/>
    <property name="user.timezone" value="GMT+08:00"/>
    <property name="java.vm.specification.version" value="1.8"/>
    <property name="os.name" value="Windows 7"/>
    <property name="user.country" value="CN"/>
    <property name="sun.java.launcher" value="SUN_STANDARD"/>
    <property name="sun.boot.library.path" value="D:\Java\jdk1.8.0_144\jre\bin"/>
    <property name="sun.java.command" value="C:\Users\ADMINI~1\AppData\Local\Temp\surefire3462946422985477991\surefirebooter1396507335851887611.jar C:\Users\Administrator\AppData\Local\Temp\surefire3462946422985477991 2019-05-23T21-35-13_530-jvmRun1 surefire3327661237046413885tmp surefire_03062309949424901745tmp"/>
    <property name="surefire.test.class.path" value="E:\eshop-ssm-workspace\eshop\it_common\target\test-classes;E:\eshop-ssm-workspace\eshop\it_common\target\classes;D:\maven\repo\joda-time\joda-time\2.5\joda-time-2.5.jar;D:\maven\repo\org\apache\commons\commons-lang3\3.3.2\commons-lang3-3.3.2.jar;D:\maven\repo\commons-io\commons-io\1.3.2\commons-io-1.3.2.jar;D:\maven\repo\commons-net\commons-net\3.3\commons-net-3.3.jar;D:\maven\repo\com\fasterxml\jackson\core\jackson-databind\2.4.2\jackson-databind-2.4.2.jar;D:\maven\repo\com\fasterxml\jackson\core\jackson-annotations\2.4.0\jackson-annotations-2.4.0.jar;D:\maven\repo\com\fasterxml\jackson\core\jackson-core\2.4.2\jackson-core-2.4.2.jar;D:\maven\repo\org\apache\httpcomponents\httpclient\4.3.5\httpclient-4.3.5.jar;D:\maven\repo\org\apache\httpcomponents\httpcore\4.3.2\httpcore-4.3.2.jar;D:\maven\repo\commons-logging\commons-logging\1.1.3\commons-logging-1.1.3.jar;D:\maven\repo\commons-codec\commons-codec\1.6\commons-codec-1.6.jar;D:\maven\repo\org\quartz-scheduler\quartz\2.2.2\quartz-2.2.2.jar;D:\maven\repo\c3p0\c3p0\0.9.1.1\c3p0-0.9.1.1.jar;D:\maven\repo\org\slf4j\slf4j-api\1.7.7\slf4j-api-1.7.7.jar;D:\maven\repo\junit\junit\4.12\junit-4.12.jar;D:\maven\repo\org\hamcrest\hamcrest-core\1.3\hamcrest-core-1.3.jar;D:\maven\repo\org\slf4j\slf4j-log4j12\1.6.4\slf4j-log4j12-1.6.4.jar;D:\maven\repo\log4j\log4j\1.2.16\log4j-1.2.16.jar;"/>
    <property name="sun.cpu.endian" value="little"/>
    <property name="user.home" value="C:\Users\Administrator"/>
    <property name="user.language" value="zh"/>
    <property name="java.specification.vendor" value="Oracle Corporation"/>
    <property name="java.home" value="D:\Java\jdk1.8.0_144\jre"/>
    <property name="basedir" value="E:\eshop-ssm-workspace\eshop\it_common"/>
    <property name="file.separator" value="\"/>
    <property name="line.separator" value="&#10;"/>
    <property name="java.vm.specification.vendor" value="Oracle Corporation"/>
    <property name="java.specification.name" value="Java Platform API Specification"/>
    <property name="java.awt.graphicsenv" value="sun.awt.Win32GraphicsEnvironment"/>
    <property name="surefire.real.class.path" value="C:\Users\ADMINI~1\AppData\Local\Temp\surefire3462946422985477991\surefirebooter1396507335851887611.jar"/>
    <property name="sun.boot.class.path" value="D:\Java\jdk1.8.0_144\jre\lib\resources.jar;D:\Java\jdk1.8.0_144\jre\lib\rt.jar;D:\Java\jdk1.8.0_144\jre\lib\sunrsasign.jar;D:\Java\jdk1.8.0_144\jre\lib\jsse.jar;D:\Java\jdk1.8.0_144\jre\lib\jce.jar;D:\Java\jdk1.8.0_144\jre\lib\charsets.jar;D:\Java\jdk1.8.0_144\jre\lib\jfr.jar;D:\Java\jdk1.8.0_144\jre\classes"/>
    <property name="user.script" value=""/>
    <property name="sun.management.compiler" value="HotSpot 64-Bit Tiered Compilers"/>
    <property name="java.runtime.version" value="1.8.0_144-b01"/>
    <property name="user.name" value="Administrator"/>
    <property name="path.separator" value=";"/>
    <property name="os.version" value="6.1"/>
    <property name="java.endorsed.dirs" value="D:\Java\jdk1.8.0_144\jre\lib\endorsed"/>
    <property name="java.runtime.name" value="Java(TM) SE Runtime Environment"/>
    <property name="file.encoding" value="GBK"/>
    <property name="java.vm.name" value="Java HotSpot(TM) 64-Bit Server VM"/>
    <property name="localRepository" value="D:\maven\repo"/>
    <property name="java.vendor.url.bug" value="http://bugreport.sun.com/bugreport/"/>
    <property name="java.io.tmpdir" value="C:\Users\ADMINI~1\AppData\Local\Temp\"/>
    <property name="idea.version" value="2018.2.5"/>
    <property name="java.version" value="1.8.0_144"/>
    <property name="user.dir" value="E:\eshop-ssm-workspace\eshop\it_common"/>
    <property name="os.arch" value="amd64"/>
    <property name="java.vm.specification.name" value="Java Virtual Machine Specification"/>
    <property name="java.awt.printerjob" value="sun.awt.windows.WPrinterJob"/>
    <property name="sun.os.patch.level" value="Service Pack 1"/>
    <property name="java.library.path" value="D:\Java\jdk1.8.0_144\jre\bin;C:\Windows\Sun\Java\bin;C:\Windows\system32;C:\Windows;D:\texlive\2017\bin\win32;D:\oraclesql\product\11.2.0\dbhome_1\bin;C:\ProgramData\Oracle\Java\javapath;D:\Java\jdk1.7.0_80\bin;D:\Java\jdk1.7.0_80\jre\bin;C:\Windows\system32;C:\Windows;C:\Windows\System32\Wbem;C:\Windows\System32\WindowsPowerShell\v1.0\;C:\Program Files (x86)\MySQL\MySQL Server 5.0\bin;C:\Program Files (x86)\Microsoft SQL Server\100\Tools\Binn\;C:\Program Files\Microsoft SQL Server\100\Tools\Binn\;C:\Program Files\Microsoft SQL Server\100\DTS\Binn\;C:\Program Files (x86)\Google\Chrome\Application;D:\project\nodejs\;D:\software\CLion\CLion 2017.2\bin;C:\Program Files (x86)\Microsoft SQL Server\80\Tools\Binn\;D:\software\texlive\2018\bin\win32;D:\software\Git LFS;D:\Android\android-sdk\platform-tools;D:\Android\android-sdk\tools;D:\软件\Tools\WinNT;D:\软件\MSDev98\Bin;D:\软件\Tools;D:\VC98\bin;C:\Users\Administrator\AppData\Roaming\npm;."/>
    <property name="java.vm.info" value="mixed mode"/>
    <property name="java.vendor" value="Oracle Corporation"/>
    <property name="java.vm.version" value="25.144-b01"/>
    <property name="java.ext.dirs" value="D:\Java\jdk1.8.0_144\jre\lib\ext;C:\Windows\Sun\Java\lib\ext"/>
    <property name="sun.io.unicode.encoding" value="UnicodeLittle"/>
    <property name="maven.repo.local" value="D:\maven\repo"/>
    <property name="java.class.version" value="52.0"/>
  </properties>
  <testcase name="shouldAnswerWithTrue" classname="cn.beans.AppTest" time="0.021"/>
</testsuite>